

============================== 2022-03-31 17:19:30.681070 | e157b758-8725-483b-8e3d-ca8559b2c93d ==============================
17:19:30.681070 [info ] [MainThread]: Running with dbt=1.0.4
17:19:30.684072 [debug] [MainThread]: running dbt with arguments Namespace(record_timing_info=None, debug=None, log_format=None, write_json=None, use_colors=None, printer_width=None, warn_error=None, version_check=None, partial_parse=None, single_threaded=False, use_experimental_parser=None, static_parser=None, profiles_dir='C:\\Users\\ARMZ\\.dbt', send_anonymous_usage_stats=None, fail_fast=None, event_buffer_size=None, project_dir=None, profile=None, target=None, vars='{}', log_cache_events=False, project_name='dbt_hol', skip_profile_setup=False, defer=None, state=None, cls=<class 'dbt.task.init.InitTask'>, which='init', rpc_method=None)
17:19:30.688072 [debug] [MainThread]: Tracking: tracking
17:19:30.780072 [debug] [MainThread]: Sending event: {'category': 'dbt', 'action': 'invocation', 'label': 'start', 'context': [<snowplow_tracker.self_describing_json.SelfDescribingJson object at 0x0000025DB1AED190>, <snowplow_tracker.self_describing_json.SelfDescribingJson object at 0x0000025DB1AED460>, <snowplow_tracker.self_describing_json.SelfDescribingJson object at 0x0000025DB1AED220>]}
17:19:30.784071 [info ] [MainThread]: Creating dbt configuration folder at C:\Users\ARMZ\.dbt
17:19:30.792072 [debug] [MainThread]: Starter project path: C:\Users\ARMZ\.conda\envs\env39-dbtcore\lib\site-packages\dbt\include\starter_project
17:22:09.851607 [info ] [MainThread]: Profile dbt_hol written to C:\Users\ARMZ\.dbt\profiles.yml using target's profile_template.yml and your supplied values. Run 'dbt debug' to validate the connection.
17:22:09.857598 [info ] [MainThread]: 
Your new dbt project "dbt_hol" was created!

For more information on how to configure the profiles.yml file,
please consult the dbt documentation here:

  https://docs.getdbt.com/docs/configure-your-profile

One more thing:

Need help? Don't hesitate to reach out to us via GitHub issues or on Slack:

  https://community.getdbt.com/

Happy modeling!

17:22:09.879851 [debug] [MainThread]: Sending event: {'category': 'dbt', 'action': 'invocation', 'label': 'end', 'context': [<snowplow_tracker.self_describing_json.SelfDescribingJson object at 0x0000025DB1AED340>, <snowplow_tracker.self_describing_json.SelfDescribingJson object at 0x0000025DB1AED5E0>, <snowplow_tracker.self_describing_json.SelfDescribingJson object at 0x0000025DB1AED580>]}


============================== 2022-04-30 04:28:57.550419 | fc3c5d5c-4f8f-4ca3-8f8d-ea4d53cf4594 ==============================
04:28:57.550419 [info ] [MainThread]: Running with dbt=1.0.4
04:28:57.566042 [debug] [MainThread]: running dbt with arguments Namespace(record_timing_info=None, debug=None, log_format=None, write_json=None, use_colors=None, printer_width=None, warn_error=None, version_check=None, partial_parse=None, single_threaded=False, use_experimental_parser=None, static_parser=None, profiles_dir='C:\\Users\\ARMZ\\.dbt', send_anonymous_usage_stats=None, fail_fast=None, event_buffer_size=None, project_dir=None, profile=None, target=None, vars='{}', log_cache_events=False, config_dir=False, defer=None, state=None, cls=<class 'dbt.task.debug.DebugTask'>, which='debug', rpc_method=None)
04:28:57.566042 [debug] [MainThread]: Tracking: tracking
04:28:57.667171 [debug] [MainThread]: Sending event: {'category': 'dbt', 'action': 'invocation', 'label': 'start', 'context': [<snowplow_tracker.self_describing_json.SelfDescribingJson object at 0x000001A9571B8580>, <snowplow_tracker.self_describing_json.SelfDescribingJson object at 0x000001A9571B8C40>, <snowplow_tracker.self_describing_json.SelfDescribingJson object at 0x000001A9571B8C10>]}
04:28:58.985547 [debug] [MainThread]: Executing "git --help"
04:28:59.371095 [debug] [MainThread]: STDOUT: "b"usage: git [--version] [--help] [-C <path>] [-c <name>=<value>]\n           [--exec-path[=<path>]] [--html-path] [--man-path] [--info-path]\n           [-p | --paginate | -P | --no-pager] [--no-replace-objects] [--bare]\n           [--git-dir=<path>] [--work-tree=<path>] [--namespace=<name>]\n           [--super-prefix=<path>] [--config-env=<name>=<envvar>]\n           <command> [<args>]\n\nThese are common Git commands used in various situations:\n\nstart a working area (see also: git help tutorial)\n   clone             Clone a repository into a new directory\n   init              Create an empty Git repository or reinitialize an existing one\n\nwork on the current change (see also: git help everyday)\n   add               Add file contents to the index\n   mv                Move or rename a file, a directory, or a symlink\n   restore           Restore working tree files\n   rm                Remove files from the working tree and from the index\n   sparse-checkout   Initialize and modify the sparse-checkout\n\nexamine the history and state (see also: git help revisions)\n   bisect            Use binary search to find the commit that introduced a bug\n   diff              Show changes between commits, commit and working tree, etc\n   grep              Print lines matching a pattern\n   log               Show commit logs\n   show              Show various types of objects\n   status            Show the working tree status\n\ngrow, mark and tweak your common history\n   branch            List, create, or delete branches\n   commit            Record changes to the repository\n   merge             Join two or more development histories together\n   rebase            Reapply commits on top of another base tip\n   reset             Reset current HEAD to the specified state\n   switch            Switch branches\n   tag               Create, list, delete or verify a tag object signed with GPG\n\ncollaborate (see also: git help workflows)\n   fetch             Download objects and refs from another repository\n   pull              Fetch from and integrate with another repository or a local branch\n   push              Update remote refs along with associated objects\n\n'git help -a' and 'git help -g' list available subcommands and some\nconcept guides. See 'git help <command>' or 'git help <concept>'\nto read about a specific subcommand or concept.\nSee 'git help git' for an overview of the system.\n""
04:28:59.371095 [debug] [MainThread]: STDERR: "b''"
04:28:59.386723 [debug] [MainThread]: Acquiring new snowflake connection "debug"
04:28:59.402342 [debug] [MainThread]: Using snowflake connection "debug"
04:28:59.417966 [debug] [MainThread]: On debug: select 1 as id
04:28:59.433591 [debug] [MainThread]: Opening a new connection, currently in state init
04:29:00.674150 [debug] [MainThread]: SQL status: SUCCESS 1 in 1.24 seconds
04:29:00.689508 [debug] [MainThread]: On debug: Close
04:29:00.842808 [debug] [MainThread]: Sending event: {'category': 'dbt', 'action': 'invocation', 'label': 'end', 'context': [<snowplow_tracker.self_describing_json.SelfDescribingJson object at 0x000001A958ED1940>, <snowplow_tracker.self_describing_json.SelfDescribingJson object at 0x000001A958ED1AF0>, <snowplow_tracker.self_describing_json.SelfDescribingJson object at 0x000001A958ED1700>]}
04:29:01.422756 [debug] [MainThread]: Connection 'debug' was properly closed.


============================== 2022-04-30 04:34:12.096019 | 72e28abd-cf0e-448b-8fcb-4753a2a71708 ==============================
04:34:12.096019 [info ] [MainThread]: Running with dbt=1.0.4
04:34:12.096019 [debug] [MainThread]: running dbt with arguments Namespace(record_timing_info=None, debug=None, log_format=None, write_json=None, use_colors=None, printer_width=None, warn_error=None, version_check=None, partial_parse=None, single_threaded=False, use_experimental_parser=None, static_parser=None, profiles_dir='C:\\Users\\ARMZ\\.dbt', send_anonymous_usage_stats=None, fail_fast=None, event_buffer_size=None, project_dir=None, profile=None, target=None, vars='{}', log_cache_events=False, config_dir=False, defer=None, state=None, cls=<class 'dbt.task.debug.DebugTask'>, which='debug', rpc_method=None)
04:34:12.112815 [debug] [MainThread]: Tracking: tracking
04:34:12.193619 [debug] [MainThread]: Sending event: {'category': 'dbt', 'action': 'invocation', 'label': 'start', 'context': [<snowplow_tracker.self_describing_json.SelfDescribingJson object at 0x00000211E2BD7D60>, <snowplow_tracker.self_describing_json.SelfDescribingJson object at 0x00000211E2BD7910>, <snowplow_tracker.self_describing_json.SelfDescribingJson object at 0x00000211E2BD78E0>]}
04:34:13.188880 [debug] [MainThread]: Executing "git --help"
04:34:13.431287 [debug] [MainThread]: STDOUT: "b"usage: git [--version] [--help] [-C <path>] [-c <name>=<value>]\n           [--exec-path[=<path>]] [--html-path] [--man-path] [--info-path]\n           [-p | --paginate | -P | --no-pager] [--no-replace-objects] [--bare]\n           [--git-dir=<path>] [--work-tree=<path>] [--namespace=<name>]\n           [--super-prefix=<path>] [--config-env=<name>=<envvar>]\n           <command> [<args>]\n\nThese are common Git commands used in various situations:\n\nstart a working area (see also: git help tutorial)\n   clone             Clone a repository into a new directory\n   init              Create an empty Git repository or reinitialize an existing one\n\nwork on the current change (see also: git help everyday)\n   add               Add file contents to the index\n   mv                Move or rename a file, a directory, or a symlink\n   restore           Restore working tree files\n   rm                Remove files from the working tree and from the index\n   sparse-checkout   Initialize and modify the sparse-checkout\n\nexamine the history and state (see also: git help revisions)\n   bisect            Use binary search to find the commit that introduced a bug\n   diff              Show changes between commits, commit and working tree, etc\n   grep              Print lines matching a pattern\n   log               Show commit logs\n   show              Show various types of objects\n   status            Show the working tree status\n\ngrow, mark and tweak your common history\n   branch            List, create, or delete branches\n   commit            Record changes to the repository\n   merge             Join two or more development histories together\n   rebase            Reapply commits on top of another base tip\n   reset             Reset current HEAD to the specified state\n   switch            Switch branches\n   tag               Create, list, delete or verify a tag object signed with GPG\n\ncollaborate (see also: git help workflows)\n   fetch             Download objects and refs from another repository\n   pull              Fetch from and integrate with another repository or a local branch\n   push              Update remote refs along with associated objects\n\n'git help -a' and 'git help -g' list available subcommands and some\nconcept guides. See 'git help <command>' or 'git help <concept>'\nto read about a specific subcommand or concept.\nSee 'git help git' for an overview of the system.\n""
04:34:13.446929 [debug] [MainThread]: STDERR: "b''"
04:34:13.457241 [debug] [MainThread]: Acquiring new snowflake connection "debug"
04:34:13.465236 [debug] [MainThread]: Using snowflake connection "debug"
04:34:13.473235 [debug] [MainThread]: On debug: select 1 as id
04:34:13.473235 [debug] [MainThread]: Opening a new connection, currently in state init
04:34:14.722916 [debug] [MainThread]: SQL status: SUCCESS 1 in 1.25 seconds
04:34:14.730607 [debug] [MainThread]: On debug: Close
04:34:14.897491 [debug] [MainThread]: Sending event: {'category': 'dbt', 'action': 'invocation', 'label': 'end', 'context': [<snowplow_tracker.self_describing_json.SelfDescribingJson object at 0x00000211E48FF3D0>, <snowplow_tracker.self_describing_json.SelfDescribingJson object at 0x00000211E48FFC70>, <snowplow_tracker.self_describing_json.SelfDescribingJson object at 0x00000211E48F7AC0>]}
04:34:15.468704 [debug] [MainThread]: Connection 'debug' was properly closed.
